<?xml version="1.0" encoding="UTF-8"?>
<testsuite name="PriceRateTest" tests="1" skipped="0" failures="0" errors="0" timestamp="2019-04-07T23:55:00" hostname="AR0FVFXD0M4HV2J" time="0.0">
  <properties/>
  <testcase name="test_apply_rate_to_a_price" classname="PriceRateTest" time="0.0"/>
  <system-out><![CDATA[]]></system-out>
  <system-err><![CDATA[]]></system-err>
</testsuite>
