<?xml version="1.0" encoding="UTF-8"?>
<testsuite name="PassengersTest" tests="1" skipped="0" failures="0" errors="0" timestamp="2019-04-07T23:55:51" hostname="AR0FVFXD0M4HV2J" time="0.0">
  <properties/>
  <testcase name="test_calculate_flight_price_for_passanger_when_only_one_adult" classname="PassengersTest" time="0.0"/>
  <system-out><![CDATA[]]></system-out>
  <system-err><![CDATA[]]></system-err>
</testsuite>
